<?xml version="1.0" encoding="UTF-8"?>
<testng-results ignored="0" total="4" passed="3" failed="1" skipped="0">
  <reporter-output>
  </reporter-output>
  <suite started-at="2023-07-18T06:05:09 GMT" name="Suite" finished-at="2023-07-18T06:05:33 GMT" duration-ms="23029">
    <groups>
    </groups>
    <test started-at="2023-07-18T06:05:09 GMT" name="Test" finished-at="2023-07-18T06:05:33 GMT" duration-ms="23029">
      <class name="testScripts.GooglePageTest">
        <test-method is-config="true" signature="setup()[pri:0, instance:testScripts.GooglePageTest@7bd4937b]" started-at="2023-07-18T06:05:10 GMT" name="setup" finished-at="2023-07-18T06:05:12 GMT" duration-ms="2620" status="PASS">
          <reporter-output>
          </reporter-output>
        </test-method> <!-- setup -->
        <test-method signature="appiumSearchTest()[pri:0, instance:testScripts.GooglePageTest@7bd4937b]" started-at="2023-07-18T06:05:12 GMT" name="appiumSearchTest" finished-at="2023-07-18T06:05:17 GMT" duration-ms="4803" status="PASS">
          <reporter-output>
          </reporter-output>
        </test-method> <!-- appiumSearchTest -->
        <test-method signature="seleniumSearchTest()[pri:0, instance:testScripts.GooglePageTest@7bd4937b]" started-at="2023-07-18T06:05:17 GMT" name="seleniumSearchTest" finished-at="2023-07-18T06:05:21 GMT" duration-ms="3790" status="FAIL">
          <exception class="java.lang.AssertionError">
            <message>
              <![CDATA[expected [Senium Tutorial - Google Search] but found [Selenium Tutorial - Google Search]]]>
            </message>
            <full-stacktrace>
              <![CDATA[java.lang.AssertionError: expected [Senium Tutorial - Google Search] but found [Selenium Tutorial - Google Search]
at org.testng.Assert.fail(Assert.java:110)
at org.testng.Assert.failNotEquals(Assert.java:1413)
at org.testng.Assert.assertEqualsImpl(Assert.java:149)
at org.testng.Assert.assertEquals(Assert.java:131)
at org.testng.Assert.assertEquals(Assert.java:655)
at org.testng.Assert.assertEquals(Assert.java:665)
at testScripts.GooglePageTest.seleniumSearchTest(GooglePageTest.java:43)
at java.base/jdk.internal.reflect.NativeMethodAccessorImpl.invoke0(Native Method)
at java.base/jdk.internal.reflect.NativeMethodAccessorImpl.invoke(NativeMethodAccessorImpl.java:78)
at java.base/jdk.internal.reflect.DelegatingMethodAccessorImpl.invoke(DelegatingMethodAccessorImpl.java:43)
at java.base/java.lang.reflect.Method.invoke(Method.java:567)
at org.testng.internal.invokers.MethodInvocationHelper.invokeMethod(MethodInvocationHelper.java:136)
at org.testng.internal.invokers.TestInvoker.invokeMethod(TestInvoker.java:658)
at org.testng.internal.invokers.TestInvoker.invokeTestMethod(TestInvoker.java:219)
at org.testng.internal.invokers.MethodRunner.runInSequence(MethodRunner.java:50)
at org.testng.internal.invokers.TestInvoker$MethodInvocationAgent.invoke(TestInvoker.java:923)
at org.testng.internal.invokers.TestInvoker.invokeTestMethods(TestInvoker.java:192)
at org.testng.internal.invokers.TestMethodWorker.invokeTestMethods(TestMethodWorker.java:146)
at org.testng.internal.invokers.TestMethodWorker.run(TestMethodWorker.java:128)
at java.base/java.util.ArrayList.forEach(ArrayList.java:1511)
at org.testng.TestRunner.privateRun(TestRunner.java:808)
at org.testng.TestRunner.run(TestRunner.java:603)
at org.testng.SuiteRunner.runTest(SuiteRunner.java:429)
at org.testng.SuiteRunner.runSequentially(SuiteRunner.java:423)
at org.testng.SuiteRunner.privateRun(SuiteRunner.java:383)
at org.testng.SuiteRunner.run(SuiteRunner.java:326)
at org.testng.SuiteRunnerWorker.runSuite(SuiteRunnerWorker.java:52)
at org.testng.SuiteRunnerWorker.run(SuiteRunnerWorker.java:95)
at org.testng.TestNG.runSuitesSequentially(TestNG.java:1249)
at org.testng.TestNG.runSuitesLocally(TestNG.java:1169)
at org.testng.TestNG.runSuites(TestNG.java:1092)
at org.testng.TestNG.run(TestNG.java:1060)
at org.testng.remote.AbstractRemoteTestNG.run(AbstractRemoteTestNG.java:115)
at org.testng.remote.RemoteTestNG.initAndRun(RemoteTestNG.java:251)
at org.testng.remote.RemoteTestNG.main(RemoteTestNG.java:77)
]]>
            </full-stacktrace>
          </exception> <!-- java.lang.AssertionError -->
          <reporter-output>
          </reporter-output>
        </test-method> <!-- seleniumSearchTest -->
        <test-method signature="javasearchTest()[pri:0, instance:testScripts.GooglePageTest@7bd4937b]" started-at="2023-07-18T06:05:21 GMT" name="javasearchTest" finished-at="2023-07-18T06:05:23 GMT" depends-on-methods="testScripts.GooglePageTest.seleniumSearchTest" duration-ms="2446" status="PASS">
          <reporter-output>
          </reporter-output>
        </test-method> <!-- javasearchTest -->
        <test-method is-config="true" signature="teardown()[pri:0, instance:testScripts.GooglePageTest@7bd4937b]" started-at="2023-07-18T06:05:30 GMT" name="teardown" finished-at="2023-07-18T06:05:33 GMT" duration-ms="2124" status="PASS">
          <reporter-output>
          </reporter-output>
        </test-method> <!-- teardown -->
      </class> <!-- testScripts.GooglePageTest -->
      <class name="testScripts.SampleTwoTest">
        <test-method signature="cypressSearchTest()[pri:0, instance:testScripts.SampleTwoTest@4f2b503c]" started-at="2023-07-18T06:05:23 GMT" name="cypressSearchTest" finished-at="2023-07-18T06:05:30 GMT" duration-ms="7199" status="PASS">
          <reporter-output>
          </reporter-output>
        </test-method> <!-- cypressSearchTest -->
      </class> <!-- testScripts.SampleTwoTest -->
    </test> <!-- Test -->
  </suite> <!-- Suite -->
</testng-results>
